<?xml version="1.0" encoding="UTF-8"?>
<!-- Generated by org.testng.reporters.JUnitReportReporter -->
<testsuite skipped="0" hostname="XBSXLGTESTS02" name="com.TestScript.LoginModule" tests="1" failures="0" timestamp="13 Sep 2017 10:21:48 GMT" time="79.423" errors="0">
  <testcase name="logintoabofapplication" time="79.423" classname="com.TestScript.LoginModule"/>
</testsuite> <!-- com.TestScript.LoginModule -->
